{"C:\\Users\\Denis\\Desktop\\курсики\\objects1\\src\\index.js": {"path":"C:\\Users\\Denis\\Desktop\\курсики\\objects1\\src\\index.js","statementMap":{"0":{"start":{"line":2,"column":32},"end":{"line":2,"column":34}},"1":{"start":{"line":3,"column":37},"end":{"line":3,"column":39}},"2":{"start":{"line":4,"column":4},"end":{"line":4,"column":43}},"3":{"start":{"line":5,"column":4},"end":{"line":7,"column":5}},"4":{"start":{"line":6,"column":8},"end":{"line":6,"column":44}},"5":{"start":{"line":8,"column":25},"end":{"line":8,"column":103}},"6":{"start":{"line":8,"column":67},"end":{"line":8,"column":102}},"7":{"start":{"line":9,"column":4},"end":{"line":9,"column":24}},"8":{"start":{"line":10,"column":22},"end":{"line":10,"column":24}},"9":{"start":{"line":11,"column":4},"end":{"line":11,"column":59}},"10":{"start":{"line":12,"column":19},"end":{"line":12,"column":21}},"11":{"start":{"line":13,"column":4},"end":{"line":15,"column":5}},"12":{"start":{"line":13,"column":17},"end":{"line":13,"column":18}},"13":{"start":{"line":14,"column":8},"end":{"line":14,"column":70}},"14":{"start":{"line":16,"column":4},"end":{"line":16,"column":18}}},"fnMap":{"0":{"name":"orderByProps","decl":{"start":{"line":1,"column":24},"end":{"line":1,"column":36}},"loc":{"start":{"line":1,"column":58},"end":{"line":17,"column":1}},"line":1},"1":{"name":"(anonymous_1)","decl":{"start":{"line":8,"column":57},"end":{"line":8,"column":58}},"loc":{"start":{"line":8,"column":67},"end":{"line":8,"column":102}},"line":8}},"branchMap":{},"s":{"0":1,"1":1,"2":1,"3":1,"4":5,"5":1,"6":5,"7":1,"8":1,"9":1,"10":1,"11":1,"12":1,"13":5,"14":1},"f":{"0":1,"1":5},"b":{},"_coverageSchema":"1a1c01bbd47fc00a2c39e90264f33305004495a9","hash":"4c975f0977e7e7f3895aab68742e1a207035fddb"}
}
